
**** Build of configuration Debug for project Tranction ****

make all 
Building file: ../src/BuyTranction.cpp
Invoking: GCC C++ Compiler
g++ -O0 -g3 -Wall -c -fmessage-length=0 -MMD -MP -MF"src/BuyTranction.d" -MT"src/BuyTranction.d" -o "src/BuyTranction.o" "../src/BuyTranction.cpp"
Finished building: ../src/BuyTranction.cpp
 
Building file: ../src/Tranction.cpp
Invoking: GCC C++ Compiler
g++ -O0 -g3 -Wall -c -fmessage-length=0 -MMD -MP -MF"src/Tranction.d" -MT"src/Tranction.d" -o "src/Tranction.o" "../src/Tranction.cpp"
Finished building: ../src/Tranction.cpp
 
Building file: ../src/main.cpp
Invoking: GCC C++ Compiler
g++ -O0 -g3 -Wall -c -fmessage-length=0 -MMD -MP -MF"src/main.d" -MT"src/main.d" -o "src/main.o" "../src/main.cpp"
Finished building: ../src/main.cpp
 
Building target: Tranction
Invoking: GCC C++ Linker
g++  -o "Tranction"  ./src/BuyTranction.o ./src/Tranction.o ./src/main.o   
Finished building target: Tranction
 

**** Build Finished ****

**** Build of configuration Debug for project Tranction ****

make all 
make: 没有什么可以做的为 `all'。

**** Build Finished ****

**** Build of configuration Debug for project Tranction ****

make all 
Building file: ../src/BuyTranction.cpp
Invoking: GCC C++ Compiler
g++ -O0 -g3 -Wall -c -fmessage-length=0 -MMD -MP -MF"src/BuyTranction.d" -MT"src/BuyTranction.d" -o "src/BuyTranction.o" "../src/BuyTranction.cpp"
Finished building: ../src/BuyTranction.cpp
 
Building file: ../src/main.cpp
Invoking: GCC C++ Compiler
g++ -O0 -g3 -Wall -c -fmessage-length=0 -MMD -MP -MF"src/main.d" -MT"src/main.d" -o "src/main.o" "../src/main.cpp"
Finished building: ../src/main.cpp
 
Building target: Tranction
Invoking: GCC C++ Linker
g++  -o "Tranction"  ./src/BuyTranction.o ./src/Tranction.o ./src/main.o   
Finished building target: Tranction
 

**** Build Finished ****
